commit c6555a7d0e658ab98c1d0cf0ef5ec81900c3d15e
Merge: e5a5195 4a14068
Author: Dennis Mo <dennis.mo@uwaterloo.ca>
Date:   Fri Feb 3 13:34:35 2023 -0500

    Merge branch 'weeder' into 'main'
    
    Weeder
    
    See merge request dymo/porkbelly!12

commit 4a14068262c47bbf6c6759ba8996f828d332adcf
Author: Dayou Liu <dayou.liu@uwaterloo.ca>
Date:   Fri Feb 3 13:34:35 2023 -0500

    [COMMIT WITH DENNIS MO, DAYOU LIU, KAI SUN] Adding weeding into the CUP file

commit e5a519530f6ceabd3b1e2fcf6fe10504e961fb98
Merge: 7bc5309 ff68b7b
Author: Dayou Liu <dayou.liu@uwaterloo.ca>
Date:   Wed Feb 1 22:51:39 2023 -0500

    Merge branch 'parser2' into 'main'
    
    added prim cast + octal escapes
    
    See merge request dymo/porkbelly!10

commit 7bc5309cc798f425062fd1b1199ed474b96ee283
Merge: 98c439b 6f15bc6
Author: Dayou Liu <dayou.liu@uwaterloo.ca>
Date:   Wed Feb 1 22:49:46 2023 -0500

    Merge branch 'marmoset' into 'main'
    
    Construct Makefile and executable
    
    See merge request dymo/porkbelly!11

commit 6f15bc665be1e32b7a1ed61d5eb4f3a5d3687751
Author: Dennis Mo <dennis.mo@uwaterloo.ca>
Date:   Wed Feb 1 22:38:24 2023 -0500

    Construct Makefile and executable

commit ff68b7bd072b345412f9803ebc2383cb08ab49c9
Author: Dayou Liu <dy4liu@uwaterloo.ca>
Date:   Wed Feb 1 22:18:50 2023 -0500

    added prim cast + octal escapes

commit 98c439b81d3984989dd42523355ba004544f7849
Merge: baa50cf ceadf8e
Author: Dennis Mo <dennis.mo@uwaterloo.ca>
Date:   Wed Feb 1 19:56:11 2023 -0500

    Merge branch 'parser' into 'main'
    
    Implement Parser
    
    See merge request dymo/porkbelly!6

commit ceadf8e2891dbbb8a06cf944ad17ebb8adae42e3
Author: Dennis Mo <dennis.mo@uwaterloo.ca>
Date:   Wed Feb 1 19:56:10 2023 -0500

    [COMMIT WITH DENNIS MO, DAYOU LIU, KAI SUN] Construct Basic Parser Grammar

commit baa50cf2a9382701502641f3c3a01f78f623cbaf
Merge: 28eeb51 9dbb514
Author: Dennis Mo <dennis.mo@uwaterloo.ca>
Date:   Tue Jan 31 16:58:43 2023 -0500

    Merge branch 'cup-tests' into 'main'
    
    added cup tests
    
    See merge request dymo/porkbelly!9

commit 9dbb514d9f9e4889fcc12c28639ec799e807fa5e
Author: Dayou Liu <dayou.liu@uwaterloo.ca>
Date:   Tue Jan 31 16:58:43 2023 -0500

    Add CUP tests

commit 28eeb515eac2ad807621fadbe16f5c06cb3a6d5a
Merge: 5659b97 98f3a6b
Author: Kai Sun <k49sun@uwaterloo.ca>
Date:   Sun Jan 29 15:27:28 2023 -0500

    Merge branch 'add-lexer-error-increment-decrement' into 'main'
    
    Add support for more operators and return errors for appropriate operators.
    
    See merge request dymo/porkbelly!5

commit 98f3a6bd2f45d243482f9c5d865c7120b9effbc4
Author: Kai Sun <math11functions@gmail.com>
Date:   Sun Jan 29 15:20:46 2023 -0500

    Add support for more operators and return errors for appropriate operators.

commit 5659b976473c4c1d8b0f642d4cbad0894c30370f
Merge: 1f5c59c 5931051
Author: Dayou Liu <dayou.liu@uwaterloo.ca>
Date:   Sun Jan 29 12:38:32 2023 -0500

    Merge branch 'lex-str-char' into 'main'
    
    added str and char literals
    
    See merge request dymo/porkbelly!4

commit 5931051b38094ee2fe6b59a2e615670187e974a0
Author: Dayou Liu <dayou.liu@uwaterloo.ca>
Date:   Sun Jan 29 12:38:32 2023 -0500

    added str and char literals

commit 1f5c59cc98ec12ad4751bdcf87098097dedc8572
Author: Dayou Liu <dy4liu@uwaterloo.ca>
Date:   Fri Jan 27 23:16:14 2023 -0500

    added lexing for comments, arithmetic ops, boolean comp

commit 5695e8e95246f4c70307576270f4f43339a7efc5
Merge: 55778f0 3e6d5f4
Author: Dennis Mo <dennis.mo@uwaterloo.ca>
Date:   Fri Jan 27 01:20:20 2023 -0500

    Merge branch 'add-lexing-rules' into 'main'
    
    Add lexing rules
    
    See merge request dymo/porkbelly!3

commit 3e6d5f4ce499f9696e78f7ce2eefbba4d671b013
Author: Dennis Mo <dennis.mo@uwaterloo.ca>
Date:   Fri Jan 27 01:20:20 2023 -0500

    [COMMIT WITH DENNIS MO, DAYOU LIU, KAI SUN] Add lexing rules

commit 55778f047f2542b2043acff3e3b8ee75fd3f3c50
Merge: f0ccd1b b7a5229
Author: Dennis Mo <dennis.mo@uwaterloo.ca>
Date:   Thu Jan 26 19:55:51 2023 -0500

    Merge branch 'cup-jflex-integration' into 'main'
    
    [COMMIT WITH DENNIS MO, DAYOU LIU, KAI SUN] Cup and Jflex integration
    
    See merge request dymo/porkbelly!2

commit b7a5229ab15063c2788dbaa6b21151be56cc2e4b
Author: Kai Sun <k49sun@uwaterloo.ca>
Date:   Thu Jan 26 19:55:51 2023 -0500

    [COMMIT WITH DENNIS MO, DAYOU LIU, KAI SUN] Cup and Jflex integration

commit f0ccd1be80bf0f56cacf8fbd79b3943bc3989f65
Author: Dennis Mo <dennis.mo@uwaterloo.ca>
Date:   Thu Jan 26 16:48:13 2023 -0500

    remove pipeline

commit 7cbce6c9172d000adf48e68664d72c82a67df664
Author: Dennis Mo <dennis.mo@uwaterloo.ca>
Date:   Thu Jan 26 16:33:48 2023 -0500

    Update .gitlab-ci.yml file

commit 1899e1b5a8ba2f323db85eb3151473833f8ce19c
Author: Dennis Mo <dennis.mo@uwaterloo.ca>
Date:   Mon Jan 23 12:31:35 2023 -0500

    Update .gitlab-ci.yml file

commit 797e16853867ad7e876bd5f14855ac886587f8a7
Merge: f970751 ab11266
Author: Dennis Mo <dennis.mo@uwaterloo.ca>
Date:   Fri Jan 20 23:49:05 2023 -0500

    Merge branch 'main' of https://git.uwaterloo.ca/dymo/porkbelly

commit f9707510ef71ffe0ea5e233ff1eed8500b4c9867
Author: Dennis Mo <dennis.mo@uwaterloo.ca>
Date:   Fri Jan 20 23:48:38 2023 -0500

    [COMMIT WITH KAI SUN, DAYOU LIU, DENNISMO] use jflex and implement scanner

commit ab112661ffc77fa0a6d8b9aa4a4838609b1fded4
Author: Dayou Liu <dy4liu@uwaterloo.ca>
Date:   Thu Jan 19 00:07:13 2023 -0500

    test commit

commit e53753cbe63dd476b486782b4ecbd360815e2598
Author: Dennis Mo <dennis.mo@uwaterloo.ca>
Date:   Wed Jan 18 06:09:49 2023 -0500

    update workspace settings

commit f50bf476c85bdf37d286755cebd797df23a4f7ab
Author: Dennis Mo <dymo@uwaterloo.ca>
Date:   Sat Jan 14 22:38:39 2023 -0500

    initial commit
